{
  message: '::ffff:127.0.0.1 : GET /products 500 :ApplicationError Product does not exist ',
  level: 'error',
  timestamp: '2023-01-21T16:05:53.991Z'
}
{
  message: '::ffff:127.0.0.1 : GET /products 500 :ApplicationError Product does not exist ',
  level: 'error',
  timestamp: '2023-01-21T16:05:54.209Z'
}
{
  message: '::1 : POST /sign-up undefined :MongoServerError E11000 duplicate key error collection: Horbax.users index: email_1 dup key: { email: "raymond@gmail.com" } ',
  level: 'error',
  timestamp: '2023-01-21T16:12:03.650Z'
}
{
  message: '::ffff:127.0.0.1 : GET /products 500 :ApplicationError Product does not exist ',
  level: 'error',
  timestamp: '2023-01-22T14:42:11.184Z'
}
{
  message: '::ffff:127.0.0.1 : GET /products 500 :ApplicationError Product does not exist ',
  level: 'error',
  timestamp: '2023-01-22T14:42:11.335Z'
}
{
  message: '::ffff:127.0.0.1 : POST /signin 401 :UnauthorizeRequestError Invalid login credentials ',
  level: 'error',
  timestamp: '2023-01-22T21:04:49.096Z'
}
{
  message: '::ffff:127.0.0.1 : POST /signin 401 :UnauthorizeRequestError Invalid login credentials ',
  level: 'error',
  timestamp: '2023-01-22T22:01:52.199Z'
}
{
  message: '::ffff:127.0.0.1 : POST /signin 401 :UnauthorizeRequestError Invalid login credentials ',
  level: 'error',
  timestamp: '2023-01-22T22:03:38.175Z'
}
{
  message: '::ffff:127.0.0.1 : POST /signin undefined :Error data and hash arguments required ',
  level: 'error',
  timestamp: '2023-01-25T12:05:49.418Z'
}
{
  message: '::ffff:127.0.0.1 : GET /products 400 :BadRequestError Provide Authorization header ',
  level: 'error',
  timestamp: '2023-01-31T14:51:33.878Z'
}
{
  message: '::ffff:127.0.0.1 : GET /products 400 :BadRequestError Provide Authorization header ',
  level: 'error',
  timestamp: '2023-01-31T14:51:33.932Z'
}
{
  message: '::ffff:127.0.0.1 : GET /products 400 :BadRequestError Provide Authorization header ',
  level: 'error',
  timestamp: '2023-01-31T14:51:40.907Z'
}
{
  message: '::ffff:127.0.0.1 : GET /products 400 :BadRequestError Provide Authorization header ',
  level: 'error',
  timestamp: '2023-01-31T14:51:40.920Z'
}
{
  message: '::ffff:127.0.0.1 : POST /orders undefined :ValidationError Order validation failed: user: Path `user` is required. ',
  level: 'error',
  timestamp: '2023-01-31T15:04:23.033Z'
}
{
  message: '::ffff:127.0.0.1 : POST /orders undefined :ValidationError Order validation failed: user: Path `user` is required. ',
  level: 'error',
  timestamp: '2023-01-31T15:07:17.958Z'
}
{
  message: '::ffff:127.0.0.1 : POST /orders undefined :ValidationError Order validation failed: user: Path `user` is required. ',
  level: 'error',
  timestamp: '2023-01-31T15:10:03.792Z'
}
{
  message: '::ffff:127.0.0.1 : GET /orders/63d98d76cd3be5d793c42546 400 :BadRequestError jwt expired ',
  level: 'error',
  timestamp: '2023-02-02T15:52:43.980Z'
}
{
  message: '::ffff:127.0.0.1 : GET /orders/63d98d76cd3be5d793c42546 400 :BadRequestError jwt expired ',
  level: 'error',
  timestamp: '2023-02-02T15:52:44.118Z'
}
{
  message: '::ffff:127.0.0.1 : GET /orders/mine 400 :BadRequestError jwt expired ',
  level: 'error',
  timestamp: '2023-02-04T09:41:57.574Z'
}
{
  message: '::ffff:127.0.0.1 : GET /orders/mine 400 :BadRequestError jwt expired ',
  level: 'error',
  timestamp: '2023-02-04T09:41:57.601Z'
}
{
  message: '::ffff:127.0.0.1 : GET /orders/mine 400 :BadRequestError jwt expired ',
  level: 'error',
  timestamp: '2023-02-04T09:42:09.940Z'
}
{
  message: '::ffff:127.0.0.1 : GET /orders/mine 400 :BadRequestError jwt expired ',
  level: 'error',
  timestamp: '2023-02-04T09:42:09.957Z'
}
{
  message: '::ffff:127.0.0.1 : GET /orders/mine 400 :BadRequestError Something went wrong! ',
  level: 'error',
  timestamp: '2023-02-05T14:48:15.764Z'
}
{
  message: '::ffff:127.0.0.1 : GET /orders/mine 400 :BadRequestError Something went wrong! ',
  level: 'error',
  timestamp: '2023-02-05T14:48:15.949Z'
}
{
  message: `::ffff:127.0.0.1 : PUT /users/profile undefined :CastError Cast to ObjectId failed for value "{ user: '63d11d54f5bbf2aa4f8bc4a4' }" (type Object) at path "_id" for model "User" `,
  level: 'error',
  timestamp: '2023-02-05T16:01:10.747Z'
}
{
  message: "::ffff:127.0.0.1 : PUT /users/profile undefined :TypeError Cannot read properties of undefined (reading '_id') ",
  level: 'error',
  timestamp: '2023-02-05T16:02:45.449Z'
}
{
  message: `::ffff:127.0.0.1 : PUT /users/profile undefined :CastError Cast to ObjectId failed for value "{ user: '63d11d54f5bbf2aa4f8bc4a4' }" (type Object) at path "_id" for model "User" `,
  level: 'error',
  timestamp: '2023-02-05T16:03:43.293Z'
}
{
  message: '::ffff:127.0.0.1 : POST /signin undefined :Error data and hash arguments required ',
  level: 'error',
  timestamp: '2023-02-05T19:49:14.286Z'
}
{
  message: '::ffff:127.0.0.1 : POST /signin undefined :Error data and hash arguments required ',
  level: 'error',
  timestamp: '2023-02-05T19:49:22.692Z'
}
{
  message: '::ffff:127.0.0.1 : POST /signin undefined :Error data and hash arguments required ',
  level: 'error',
  timestamp: '2023-02-05T19:53:44.922Z'
}
{
  message: '::ffff:127.0.0.1 : POST /signin undefined :Error data and hash arguments required ',
  level: 'error',
  timestamp: '2023-02-05T19:55:34.245Z'
}
{
  message: '::ffff:127.0.0.1 : POST /signin undefined :Error data and hash arguments required ',
  level: 'error',
  timestamp: '2023-02-05T19:58:16.736Z'
}
{
  message: '::ffff:127.0.0.1 : POST /signin undefined :Error data and hash arguments required ',
  level: 'error',
  timestamp: '2023-02-05T20:09:15.674Z'
}
{
  message: '::ffff:127.0.0.1 : POST /signin undefined :Error data and hash arguments required ',
  level: 'error',
  timestamp: '2023-02-05T20:09:23.032Z'
}
{
  message: '::ffff:127.0.0.1 : POST /signin 401 :UnauthorizeRequestError Invalid login credentials ',
  level: 'error',
  timestamp: '2023-02-05T20:19:37.103Z'
}
{
  message: '::ffff:127.0.0.1 : POST /signin 401 :UnauthorizeRequestError Invalid login credentials ',
  level: 'error',
  timestamp: '2023-02-05T20:20:14.357Z'
}
{
  message: `::ffff:127.0.0.1 : GET /products/categories undefined :CastError Cast to ObjectId failed for value "{ _id: 'categories' }" (type Object) at path "_id" for model "Product" `,
  level: 'error',
  timestamp: '2023-02-06T15:16:42.076Z'
}
{
  message: `::ffff:127.0.0.1 : GET /products/categories undefined :CastError Cast to ObjectId failed for value "{ _id: 'categories' }" (type Object) at path "_id" for model "Product" `,
  level: 'error',
  timestamp: '2023-02-06T15:16:42.112Z'
}
{
  message: `::ffff:127.0.0.1 : GET /products/categories undefined :CastError Cast to ObjectId failed for value "{ _id: 'categories' }" (type Object) at path "_id" for model "Product" `,
  level: 'error',
  timestamp: '2023-02-06T15:19:43.337Z'
}
{
  message: `::ffff:127.0.0.1 : GET /products/categories undefined :CastError Cast to ObjectId failed for value "{ _id: 'categories' }" (type Object) at path "_id" for model "Product" `,
  level: 'error',
  timestamp: '2023-02-06T15:19:43.364Z'
}
{
  message: `::ffff:127.0.0.1 : GET /products/categories undefined :CastError Cast to ObjectId failed for value "{ _id: 'categories' }" (type Object) at path "_id" for model "Product" `,
  level: 'error',
  timestamp: '2023-02-06T15:26:32.240Z'
}
{
  message: `::ffff:127.0.0.1 : GET /products/categories undefined :CastError Cast to ObjectId failed for value "{ _id: 'categories' }" (type Object) at path "_id" for model "Product" `,
  level: 'error',
  timestamp: '2023-02-06T15:27:04.307Z'
}
{
  message: `::ffff:127.0.0.1 : GET /products/categories undefined :CastError Cast to ObjectId failed for value "{ _id: 'categories' }" (type Object) at path "_id" for model "Product" `,
  level: 'error',
  timestamp: '2023-02-06T15:27:07.261Z'
}
{
  message: `::ffff:127.0.0.1 : GET /products/categories undefined :CastError Cast to ObjectId failed for value "{ _id: 'categories' }" (type Object) at path "_id" for model "Product" `,
  level: 'error',
  timestamp: '2023-02-06T15:27:10.253Z'
}
{
  message: `::ffff:127.0.0.1 : GET /products/categories undefined :CastError Cast to ObjectId failed for value "{ _id: 'categories' }" (type Object) at path "_id" for model "Product" `,
  level: 'error',
  timestamp: '2023-02-06T15:27:13.218Z'
}
{
  message: `::ffff:127.0.0.1 : GET /products/categories undefined :CastError Cast to ObjectId failed for value "{ _id: 'categories' }" (type Object) at path "_id" for model "Product" `,
  level: 'error',
  timestamp: '2023-02-06T15:27:31.059Z'
}
{
  message: `::ffff:127.0.0.1 : GET /products/categories undefined :CastError Cast to ObjectId failed for value "{ _id: 'categories' }" (type Object) at path "_id" for model "Product" `,
  level: 'error',
  timestamp: '2023-02-06T15:27:31.072Z'
}
{
  message: `::ffff:127.0.0.1 : GET /products/categories undefined :CastError Cast to ObjectId failed for value "{ _id: 'categories' }" (type Object) at path "_id" for model "Product" `,
  level: 'error',
  timestamp: '2023-02-06T15:27:57.210Z'
}
{
  message: `::ffff:127.0.0.1 : GET /products/categories undefined :CastError Cast to ObjectId failed for value "{ _id: 'categories' }" (type Object) at path "_id" for model "Product" `,
  level: 'error',
  timestamp: '2023-02-06T15:28:02.076Z'
}
{
  message: `::ffff:127.0.0.1 : GET /products/categories undefined :CastError Cast to ObjectId failed for value "{ _id: 'categories' }" (type Object) at path "_id" for model "Product" `,
  level: 'error',
  timestamp: '2023-02-06T15:28:54.787Z'
}
{
  message: `::ffff:127.0.0.1 : GET /products/categories undefined :CastError Cast to ObjectId failed for value "{ _id: 'categories' }" (type Object) at path "_id" for model "Product" `,
  level: 'error',
  timestamp: '2023-02-06T15:28:54.824Z'
}
{
  message: `::ffff:127.0.0.1 : GET /products/categories undefined :CastError Cast to ObjectId failed for value "{ _id: 'categories' }" (type Object) at path "_id" for model "Product" `,
  level: 'error',
  timestamp: '2023-02-06T15:32:25.134Z'
}
{
  message: `::ffff:127.0.0.1 : GET /products/categories undefined :CastError Cast to ObjectId failed for value "{ _id: 'categories' }" (type Object) at path "_id" for model "Product" `,
  level: 'error',
  timestamp: '2023-02-06T15:32:25.167Z'
}
{
  message: `::ffff:127.0.0.1 : GET /products/categories undefined :CastError Cast to ObjectId failed for value "{ _id: 'categories' }" (type Object) at path "_id" for model "Product" `,
  level: 'error',
  timestamp: '2023-02-06T15:38:55.271Z'
}
{
  message: `::ffff:127.0.0.1 : GET /products/categories undefined :CastError Cast to ObjectId failed for value "{ _id: 'categories' }" (type Object) at path "_id" for model "Product" `,
  level: 'error',
  timestamp: '2023-02-06T15:38:55.339Z'
}
{
  message: '::ffff:127.0.0.1 : GET /[object%20Object] 400 :BadRequestError Provide Authorization header ',
  level: 'error',
  timestamp: '2023-02-06T22:23:23.086Z'
}
{
  message: '::ffff:127.0.0.1 : GET /[object%20Object] 400 :BadRequestError Provide Authorization header ',
  level: 'error',
  timestamp: '2023-02-06T22:23:23.300Z'
}
{
  message: '::ffff:127.0.0.1 : GET /[object%20Object] 400 :BadRequestError Provide Authorization header ',
  level: 'error',
  timestamp: '2023-02-06T22:23:57.007Z'
}
{
  message: '::ffff:127.0.0.1 : GET /[object%20Object] 400 :BadRequestError Provide Authorization header ',
  level: 'error',
  timestamp: '2023-02-06T22:23:57.068Z'
}
{
  message: '::ffff:127.0.0.1 : GET /[object%20Object] 400 :BadRequestError Provide Authorization header ',
  level: 'error',
  timestamp: '2023-02-06T23:17:30.360Z'
}
{
  message: '::ffff:127.0.0.1 : GET /[object%20Object] 400 :BadRequestError Provide Authorization header ',
  level: 'error',
  timestamp: '2023-02-06T23:17:30.404Z'
}
{
  message: '::ffff:127.0.0.1 : GET /[object%20Object] 400 :BadRequestError Provide Authorization header ',
  level: 'error',
  timestamp: '2023-02-06T23:18:01.008Z'
}
{
  message: '::ffff:127.0.0.1 : GET /[object%20Object] 400 :BadRequestError Provide Authorization header ',
  level: 'error',
  timestamp: '2023-02-06T23:18:01.053Z'
}
{
  message: '::ffff:127.0.0.1 : GET /[object%20Object] 400 :BadRequestError Provide Authorization header ',
  level: 'error',
  timestamp: '2023-02-06T23:18:04.200Z'
}
{
  message: '::ffff:127.0.0.1 : GET /[object%20Object] 400 :BadRequestError Provide Authorization header ',
  level: 'error',
  timestamp: '2023-02-06T23:18:04.231Z'
}
{
  message: '::ffff:127.0.0.1 : GET /[object%20Object] 400 :BadRequestError Provide Authorization header ',
  level: 'error',
  timestamp: '2023-02-06T23:18:36.910Z'
}
{
  message: '::ffff:127.0.0.1 : GET /[object%20Object] 400 :BadRequestError Provide Authorization header ',
  level: 'error',
  timestamp: '2023-02-06T23:18:36.947Z'
}
{
  message: '::1 : GET /products/search?price=120 undefined :CastError Cast to Number failed for value "NaN" (type number) at path "price" for model "Product" ',
  level: 'error',
  timestamp: '2023-02-07T09:47:23.917Z'
}
{
  message: '::1 : GET /products/search?price=120&category=Shirts&page=1 undefined :CastError Cast to Number failed for value "NaN" (type number) at path "price" for model "Product" ',
  level: 'error',
  timestamp: '2023-02-07T09:51:45.790Z'
}
{
  message: '::ffff:127.0.0.1 : GET /api/products/search?order=newest 400 :BadRequestError Provide Authorization header ',
  level: 'error',
  timestamp: '2023-02-07T10:22:40.413Z'
}
{
  message: '::ffff:127.0.0.1 : GET /api/products/search?order=newest 400 :BadRequestError Provide Authorization header ',
  level: 'error',
  timestamp: '2023-02-07T10:22:42.679Z'
}
{
  message: '::ffff:127.0.0.1 : GET /api/products/search?order=newest 400 :BadRequestError Provide Authorization header ',
  level: 'error',
  timestamp: '2023-02-07T10:22:54.887Z'
}
{
  message: '::ffff:127.0.0.1 : GET /api/products/search?order=newest 400 :BadRequestError Provide Authorization header ',
  level: 'error',
  timestamp: '2023-02-07T10:22:54.929Z'
}
{
  message: '::ffff:127.0.0.1 : GET /api/products/search?order=newest 400 :BadRequestError Provide Authorization header ',
  level: 'error',
  timestamp: '2023-02-07T10:23:10.806Z'
}
{
  message: '::ffff:127.0.0.1 : GET /api/products/search?order=newest 400 :BadRequestError Provide Authorization header ',
  level: 'error',
  timestamp: '2023-02-07T10:23:10.924Z'
}
{
  message: '::ffff:127.0.0.1 : GET /api/products/search?order=newest 400 :BadRequestError Provide Authorization header ',
  level: 'error',
  timestamp: '2023-02-07T10:26:20.744Z'
}
{
  message: '::ffff:127.0.0.1 : GET /api/products/categories 400 :BadRequestError Provide Authorization header ',
  level: 'error',
  timestamp: '2023-02-07T10:26:20.756Z'
}
{
  message: '::ffff:127.0.0.1 : GET /api/products/search?order=newest 400 :BadRequestError Provide Authorization header ',
  level: 'error',
  timestamp: '2023-02-07T10:26:20.781Z'
}
{
  message: '::ffff:127.0.0.1 : GET /api/products/categories 400 :BadRequestError Provide Authorization header ',
  level: 'error',
  timestamp: '2023-02-07T10:26:20.798Z'
}
{
  message: '::ffff:127.0.0.1 : GET /api/products/search?order=newest 400 :BadRequestError Provide Authorization header ',
  level: 'error',
  timestamp: '2023-02-07T10:26:20.867Z'
}
{
  message: '::ffff:127.0.0.1 : GET /api/products/search?order=newest 400 :BadRequestError Provide Authorization header ',
  level: 'error',
  timestamp: '2023-02-07T10:26:37.522Z'
}
{
  message: '::1 : GET /products/search?price=120 undefined :CastError Cast to Number failed for value "NaN" (type number) at path "price" for model "Product" ',
  level: 'error',
  timestamp: '2023-02-07T10:35:16.223Z'
}
{
  message: '::1 : GET /products/search?price=120 undefined :CastError Cast to Number failed for value "NaN" (type number) at path "price" for model "Product" ',
  level: 'error',
  timestamp: '2023-02-07T11:48:18.765Z'
}
{
  message: '::1 : GET /products/search?price=120 undefined :CastError Cast to Number failed for value "NaN" (type number) at path "price" for model "Product" ',
  level: 'error',
  timestamp: '2023-02-07T11:50:19.416Z'
}
{
  message: '::1 : GET /products/search?price=120 undefined :CastError Cast to Number failed for value "NaN" (type number) at path "price" for model "Product" ',
  level: 'error',
  timestamp: '2023-02-07T11:53:04.595Z'
}
{
  message: '::1 : GET /products/search?price=120 undefined :CastError Cast to Number failed for value "NaN" (type number) at path "price" for model "Product" ',
  level: 'error',
  timestamp: '2023-02-07T12:43:24.351Z'
}
{
  message: '::1 : GET /products/search?price=120 undefined :CastError Cast to Number failed for value "NaN" (type number) at path "price" for model "Product" ',
  level: 'error',
  timestamp: '2023-02-07T12:45:18.245Z'
}
{
  message: '::1 : GET /products/search?price=120&rating=4.5 undefined :CastError Cast to Number failed for value "NaN" (type number) at path "price" for model "Product" ',
  level: 'error',
  timestamp: '2023-02-07T12:46:25.571Z'
}
{
  message: '::ffff:127.0.0.1 : GET /orders/summary 400 :BadRequestError Something went wrong! ',
  level: 'error',
  timestamp: '2023-02-15T12:13:51.103Z'
}
{
  message: '::ffff:127.0.0.1 : GET /orders/summary 400 :BadRequestError Something went wrong! ',
  level: 'error',
  timestamp: '2023-02-15T12:13:51.163Z'
}
{
  message: `::ffff:127.0.0.1 : GET /products/admin?page=1 undefined :CastError Cast to ObjectId failed for value "{ _id: 'admin' }" (type Object) at path "_id" for model "Product" `,
  level: 'error',
  timestamp: '2023-02-16T09:12:31.353Z'
}
{
  message: `::ffff:127.0.0.1 : GET /products/admin?page=1 undefined :CastError Cast to ObjectId failed for value "{ _id: 'admin' }" (type Object) at path "_id" for model "Product" `,
  level: 'error',
  timestamp: '2023-02-16T09:12:31.379Z'
}
{
  message: '::ffff:127.0.0.1 : GET /products/categories 400 :BadRequestError Provide Authorization header ',
  level: 'error',
  timestamp: '2023-02-16T11:07:10.329Z'
}
{
  message: '::ffff:127.0.0.1 : GET /products/categories 400 :BadRequestError Provide Authorization header ',
  level: 'error',
  timestamp: '2023-02-16T11:07:10.350Z'
}
{
  message: '::ffff:127.0.0.1 : GET /products 400 :BadRequestError Provide Authorization header ',
  level: 'error',
  timestamp: '2023-02-16T11:07:18.249Z'
}
{
  message: '::ffff:127.0.0.1 : GET /products 400 :BadRequestError Provide Authorization header ',
  level: 'error',
  timestamp: '2023-02-16T11:07:18.283Z'
}
{
  message: '::ffff:127.0.0.1 : GET /products 400 :BadRequestError Provide Authorization header ',
  level: 'error',
  timestamp: '2023-02-16T11:07:42.436Z'
}
{
  message: '::ffff:127.0.0.1 : GET /products/categories 400 :BadRequestError Provide Authorization header ',
  level: 'error',
  timestamp: '2023-02-16T11:07:42.456Z'
}
{
  message: '::ffff:127.0.0.1 : GET /products 400 :BadRequestError Provide Authorization header ',
  level: 'error',
  timestamp: '2023-02-16T11:07:42.516Z'
}
{
  message: '::ffff:127.0.0.1 : GET /products/categories 400 :BadRequestError Provide Authorization header ',
  level: 'error',
  timestamp: '2023-02-16T11:07:42.536Z'
}
